<?xml version="1.0" encoding="utf-8"?><testsuites name="pytest tests"><testsuite name="pytest" errors="0" failures="0" skipped="1" tests="66" time="78.828" timestamp="2026-05-20T19:42:31.781247+02:00" hostname="TUD1005334"><testcase classname="tests.test_cache" name="test_argument_caching" time="0.448" /><testcase classname="tests.test_cache" name="test_fn_code_caching" time="0.000"><skipped type="pytest.skip" message="Don't know if this was ever working... Need to check it at some point.">/Users/mpierzyna/Nextcloud/Research/09b_jax_scm/jax_scm/tests/test_cache.py:45: Don't know if this was ever working... Need to check it at some point.</skipped></testcase><testcase classname="tests.test_config" name="test_load_from_file" time="0.001" /><testcase classname="tests.test_diffable" name="test_mo_diffable[th_s-292-None]" time="1.609" /><testcase classname="tests.test_diffable" name="test_mo_diffable[th_s-288-None]" time="1.301" /><testcase classname="tests.test_diffable" name="test_mo_diffable[w_th_s-None--0.05]" time="1.038" /><testcase classname="tests.test_diffable" name="test_mo_diffable[w_th_s-None-0.05]" time="0.992" /><testcase classname="tests.test_diffable" name="test_mynn_diffable" time="0.387" /><testcase classname="tests.test_diffable" name="test_mynn_grads_diffable" time="0.478" /><testcase classname="tests.test_diffable" name="test_mynn_mo_res_diffable" time="0.581" /><testcase classname="tests.test_diffable" name="test_e2e_diffable" time="1.957" /><testcase classname="tests.test_e2e" name="test_e2e[gabls1_cn]" time="4.377" /><testcase classname="tests.test_e2e" name="test_e2e[gabls1_ab2]" time="1.567" /><testcase classname="tests.test_e2e" name="test_e2e[andren1994_cn]" time="6.403" /><testcase classname="tests.test_e2e" name="test_e2e[andren1994_ab2]" time="8.198" /><testcase classname="tests.test_e2e" name="test_e2e[wangara_cn]" time="2.325" /><testcase classname="tests.test_e2e" name="test_e2e[wangara_ab2]" time="3.142" /><testcase classname="tests.test_e2e" name="test_split_sim" time="9.681" /><testcase classname="tests.test_interfaces.TestUpdateInit" name="test_swap_full_init" time="0.487" /><testcase classname="tests.test_interfaces.TestUpdateInit" name="test_update_single_field" time="0.002" /><testcase classname="tests.test_interfaces.TestUpdateInit" name="test_update_multiple_fields" time="0.001" /><testcase classname="tests.test_interfaces.TestUpdateInit" name="test_does_not_mutate_original" time="0.001" /><testcase classname="tests.test_interfaces.TestUpdateInit" name="test_t_start_at_boundary" time="0.001" /><testcase classname="tests.test_interfaces.TestUpdateInit" name="test_t_start_just_before_end" time="0.002" /><testcase classname="tests.test_interfaces.TestUpdateInit" name="test_invalid_t_start_at_end" time="0.002" /><testcase classname="tests.test_interfaces.TestUpdateInit" name="test_invalid_t_start_beyond_end" time="0.001" /><testcase classname="tests.test_interfaces.TestUpdateInit" name="test_invalid_t_start_before_start" time="0.001" /><testcase classname="tests.test_interfaces.TestUpdateInit" name="test_both_new_init_and_fields_raises" time="0.001" /><testcase classname="tests.test_interfaces.TestUpdateInit" name="test_returns_simulation_type" time="0.001" /><testcase classname="tests.test_interfaces.TestUpdateInit" name="test_forcing_and_grid_preserved" time="0.002" /><testcase classname="tests.test_interfaces.TestOutput" name="test_single" time="0.448" /><testcase classname="tests.test_interfaces.TestOutput" name="test_slicing" time="0.372" /><testcase classname="tests.test_interfaces.TestOutput" name="test_masking" time="0.213" /><testcase classname="tests.test_interfaces.TestOutput" name="test_iter" time="0.211" /><testcase classname="tests.test_io" name="test_sim_from_ds" time="7.163" /><testcase classname="tests.test_io" name="test_ds_metadata" time="2.883" /><testcase classname="tests.test_io" name="test_to_nc" time="0.896" /><testcase classname="tests.test_io" name="test_ds_to_state[False]" time="0.010" /><testcase classname="tests.test_io" name="test_ds_to_state[True]" time="0.001" /><testcase classname="tests.test_mo" name="test_serialize_settings" time="0.001" /><testcase classname="tests.test_mo" name="test_bd[False]" time="0.232" /><testcase classname="tests.test_mo" name="test_bd[True]" time="0.031" /><testcase classname="tests.test_mo" name="test_neutral_conditions[False]" time="0.495" /><testcase classname="tests.test_mo" name="test_neutral_conditions[True]" time="0.193" /><testcase classname="tests.test_mo" name="test_unstable_conditions[False]" time="0.064" /><testcase classname="tests.test_mo" name="test_unstable_conditions[True]" time="0.009" /><testcase classname="tests.test_mo" name="test_stable_conditions[False]" time="0.063" /><testcase classname="tests.test_mo" name="test_stable_conditions[True]" time="0.010" /><testcase classname="tests.test_mo" name="test_wind_direction[False]" time="0.180" /><testcase classname="tests.test_mo" name="test_wind_direction[True]" time="0.064" /><testcase classname="tests.test_mo" name="test_wind_magnitude[False]" time="0.179" /><testcase classname="tests.test_mo" name="test_wind_magnitude[True]" time="0.028" /><testcase classname="tests.test_mo" name="test_extreme_conditions[False]" time="0.123" /><testcase classname="tests.test_mo" name="test_extreme_conditions[True]" time="0.034" /><testcase classname="tests.test_mo" name="test_10m_wind_and_2m_temp[False]" time="0.092" /><testcase classname="tests.test_mo" name="test_10m_wind_and_2m_temp[True]" time="0.056" /><testcase classname="tests.test_mo" name="test_prescribe_th_s[False]" time="0.187" /><testcase classname="tests.test_mo" name="test_prescribe_th_s[True]" time="0.066" /><testcase classname="tests.test_mo" name="test_sukanta_matlab[False]" time="0.121" /><testcase classname="tests.test_mo" name="test_sukanta_matlab[True]" time="0.035" /><testcase classname="tests.test_mo" name="test_moisture_flux[False]" time="0.061" /><testcase classname="tests.test_mo" name="test_moisture_flux[True]" time="0.009" /><testcase classname="tests.test_safe_math" name="test_sqrt" time="0.214" /><testcase classname="tests.test_time_stepping" name="test_time_stepping_configs[cfg0]" time="13.257" /><testcase classname="tests.test_time_stepping" name="test_time_stepping_configs[cfg1]" time="1.140" /><testcase classname="tests.test_time_stepping" name="test_time_stepping_configs[cfg2]" time="1.032" /></testsuite></testsuites>