<?xml version="1.0" encoding="utf-8"?><testsuites name="pytest tests"><testsuite name="pytest" errors="0" failures="0" skipped="1" tests="47" time="67.126" timestamp="2026-05-05T11:40:33.282317+02:00" hostname="TUD1005334"><testcase classname="tests.test_cache" name="test_argument_caching" time="0.329" /><testcase classname="tests.test_cache" name="test_fn_code_caching" time="0.000"><skipped type="pytest.skip" message="Don't know if this was ever working... Need to check it at some point.">/Users/mpierzyna/Nextcloud/Research/09b_jax_scm/jax_scm/tests/test_cache.py:45: Don't know if this was ever working... Need to check it at some point.</skipped></testcase><testcase classname="tests.test_config" name="test_load_from_file" time="0.001" /><testcase classname="tests.test_diffable" name="test_mo_diffable[th_s-292-None]" time="1.424" /><testcase classname="tests.test_diffable" name="test_mo_diffable[th_s-288-None]" time="1.322" /><testcase classname="tests.test_diffable" name="test_mo_diffable[w_th_s-None--0.05]" time="0.975" /><testcase classname="tests.test_diffable" name="test_mo_diffable[w_th_s-None-0.05]" time="0.986" /><testcase classname="tests.test_diffable" name="test_mynn_diffable" time="0.355" /><testcase classname="tests.test_diffable" name="test_mynn_grads_diffable" time="0.460" /><testcase classname="tests.test_diffable" name="test_mynn_mo_res_diffable" time="0.577" /><testcase classname="tests.test_diffable" name="test_e2e_diffable" time="1.715" /><testcase classname="tests.test_e2e" name="test_e2e[gabls1_cn]" time="4.021" /><testcase classname="tests.test_e2e" name="test_e2e[gabls1_ab2]" time="1.565" /><testcase classname="tests.test_e2e" name="test_e2e[andren1994_cn]" time="5.896" /><testcase classname="tests.test_e2e" name="test_e2e[andren1994_ab2]" time="7.532" /><testcase classname="tests.test_e2e" name="test_e2e[wangara_cn]" time="2.296" /><testcase classname="tests.test_e2e" name="test_e2e[wangara_ab2]" time="3.113" /><testcase classname="tests.test_io" name="test_sim_from_ds" time="7.778" /><testcase classname="tests.test_io" name="test_ds_metadata" time="3.254" /><testcase classname="tests.test_io" name="test_to_nc" time="1.102" /><testcase classname="tests.test_mo" name="test_serialize_settings" time="0.001" /><testcase classname="tests.test_mo" name="test_bd[False]" time="0.295" /><testcase classname="tests.test_mo" name="test_bd[True]" time="0.037" /><testcase classname="tests.test_mo" name="test_neutral_conditions[False]" time="0.570" /><testcase classname="tests.test_mo" name="test_neutral_conditions[True]" time="0.320" /><testcase classname="tests.test_mo" name="test_unstable_conditions[False]" time="0.066" /><testcase classname="tests.test_mo" name="test_unstable_conditions[True]" time="0.010" /><testcase classname="tests.test_mo" name="test_stable_conditions[False]" time="0.065" /><testcase classname="tests.test_mo" name="test_stable_conditions[True]" time="0.010" /><testcase classname="tests.test_mo" name="test_wind_direction[False]" time="0.190" /><testcase classname="tests.test_mo" name="test_wind_direction[True]" time="0.078" /><testcase classname="tests.test_mo" name="test_wind_magnitude[False]" time="0.198" /><testcase classname="tests.test_mo" name="test_wind_magnitude[True]" time="0.032" /><testcase classname="tests.test_mo" name="test_extreme_conditions[False]" time="0.131" /><testcase classname="tests.test_mo" name="test_extreme_conditions[True]" time="0.039" /><testcase classname="tests.test_mo" name="test_10m_wind_and_2m_temp[False]" time="0.098" /><testcase classname="tests.test_mo" name="test_10m_wind_and_2m_temp[True]" time="0.059" /><testcase classname="tests.test_mo" name="test_prescribe_th_s[False]" time="0.196" /><testcase classname="tests.test_mo" name="test_prescribe_th_s[True]" time="0.068" /><testcase classname="tests.test_mo" name="test_sukanta_matlab[False]" time="0.131" /><testcase classname="tests.test_mo" name="test_sukanta_matlab[True]" time="0.039" /><testcase classname="tests.test_mo" name="test_moisture_flux[False]" time="0.066" /><testcase classname="tests.test_mo" name="test_moisture_flux[True]" time="0.010" /><testcase classname="tests.test_safe_math" name="test_sqrt" time="0.236" /><testcase classname="tests.test_time_stepping" name="test_time_stepping_configs[cfg0]" time="14.131" /><testcase classname="tests.test_time_stepping" name="test_time_stepping_configs[cfg1]" time="1.289" /><testcase classname="tests.test_time_stepping" name="test_time_stepping_configs[cfg2]" time="1.152" /></testsuite></testsuites>